# JRE version: OpenJDK Runtime Environment (23.0.2+7) (build 23.0.2+7-58)
# Java VM: OpenJDK 64-Bit Server VM (23.0.2+7-58, mixed mode, sharing, tiered, compressed oops, compressed class ptrs, g1 gc, windows-amd64)
GC Precious Log:
 CardTable entry size: 512
 Card Set container configuration: InlinePtr #cards 5 size 8 Array Of Cards #cards 10 size 36 Howl #buckets 4 coarsen threshold 1843 Howl Bitmap #cards 512 size 80 coarsen threshold 460 Card regions per heap region 1 cards per card region 2048
 CPUs: 8 total, 8 available
 Memory: 7103M
 Large Page Support: Disabled
 NUMA Support: Disabled
 Compressed Oops: Enabled (32-bit)
 Heap Region Size: 1M
 Heap Min Capacity: 8M
 Heap Initial Capacity: 112M
 Heap Max Capacity: 1776M
 Pre-touch: Disabled
 Parallel Workers: 8
 Concurrent Workers: 2
 Concurrent Refinement Workers: 8
 Periodic GC: Disabled
Heap:
 garbage-first heap   total reserved 1818624K, committed 92160K, used 62079K [0x0000000091000000, 0x0000000100000000)
  region size 1024K, 11 young (11264K), 1 survivors (1024K)
 Metaspace       used 36712K, committed 37504K, reserved 1114112K
  class space    used 4377K, committed 4672K, reserved 1048576K
GC Heap History (20 events):
Event: 20.428 GC heap before
{Heap before GC invocations=5 (full 0):
 garbage-first heap   total reserved 1818624K, committed 48128K, used 48128K [0x0000000091000000, 0x0000000100000000)
  region size 1024K, 37 young (37888K), 4 survivors (4096K)
 Metaspace       used 24084K, committed 24384K, reserved 1114112K
  class space    used 2922K, committed 3072K, reserved 1048576K
}
Event: 20.441 GC heap after
{Heap after GC invocations=6 (full 0):
 garbage-first heap   total reserved 1818624K, committed 56320K, used 18334K [0x0000000091000000, 0x0000000100000000)
  region size 1024K, 8 young (8192K), 8 survivors (8192K)
 Metaspace       used 24084K, committed 24384K, reserved 1114112K
  class space    used 2922K, committed 3072K, reserved 1048576K
}
Event: 23.221 GC heap before
{Heap before GC invocations=6 (full 0):
 garbage-first heap   total reserved 1818624K, committed 56320K, used 42910K [0x0000000091000000, 0x0000000100000000)
  region size 1024K, 32 young (32768K), 8 survivors (8192K)
 Metaspace       used 24433K, committed 24768K, reserved 1114112K
  class space    used 2937K, committed 3072K, reserved 1048576K
}
Event: 23.233 GC heap after
{Heap after GC invocations=7 (full 0):
 garbage-first heap   total reserved 1818624K, committed 56320K, used 18944K [0x0000000091000000, 0x0000000100000000)
  region size 1024K, 2 young (2048K), 2 survivors (2048K)
 Metaspace       used 24433K, committed 24768K, reserved 1114112K
  class space    used 2937K, committed 3072K, reserved 1048576K
}
Event: 24.485 GC heap before
{Heap before GC invocations=7 (full 0):
 garbage-first heap   total reserved 1818624K, committed 56320K, used 40448K [0x0000000091000000, 0x0000000100000000)
  region size 1024K, 16 young (16384K), 2 survivors (2048K)
 Metaspace       used 25397K, committed 25664K, reserved 1114112K
  class space    used 3044K, committed 3136K, reserved 1048576K
}
Event: 24.489 GC heap after
{Heap after GC invocations=8 (full 0):
 garbage-first heap   total reserved 1818624K, committed 56320K, used 27648K [0x0000000091000000, 0x0000000100000000)
  region size 1024K, 2 young (2048K), 2 survivors (2048K)
 Metaspace       used 25397K, committed 25664K, reserved 1114112K
  class space    used 3044K, committed 3136K, reserved 1048576K
}
Event: 30.089 GC heap before
{Heap before GC invocations=9 (full 0):
 garbage-first heap   total reserved 1818624K, committed 87040K, used 74752K [0x0000000091000000, 0x0000000100000000)
  region size 1024K, 22 young (22528K), 2 survivors (2048K)
 Metaspace       used 28103K, committed 28352K, reserved 1114112K
  class space    used 3358K, committed 3456K, reserved 1048576K
}
Event: 30.096 GC heap after
{Heap after GC invocations=10 (full 0):
 garbage-first heap   total reserved 1818624K, committed 87040K, used 23441K [0x0000000091000000, 0x0000000100000000)
  region size 1024K, 3 young (3072K), 3 survivors (3072K)
 Metaspace       used 28103K, committed 28352K, reserved 1114112K
  class space    used 3358K, committed 3456K, reserved 1048576K
}
Event: 31.368 GC heap before
{Heap before GC invocations=10 (full 0):
 garbage-first heap   total reserved 1818624K, committed 87040K, used 72593K [0x0000000091000000, 0x0000000100000000)
  region size 1024K, 48 young (49152K), 3 survivors (3072K)
 Metaspace       used 34721K, committed 35136K, reserved 1114112K
  class space    used 4143K, committed 4352K, reserved 1048576K
}
Event: 31.395 GC heap after
{Heap after GC invocations=11 (full 0):
 garbage-first heap   total reserved 1818624K, committed 92160K, used 41381K [0x0000000091000000, 0x0000000100000000)
  region size 1024K, 6 young (6144K), 6 survivors (6144K)
 Metaspace       used 34721K, committed 35136K, reserved 1114112K
  class space    used 4143K, committed 4352K, reserved 1048576K
}
Event: 35.590 GC heap before
{Heap before GC invocations=11 (full 0):
 garbage-first heap   total reserved 1818624K, committed 92160K, used 78245K [0x0000000091000000, 0x0000000100000000)
  region size 1024K, 39 young (39936K), 6 survivors (6144K)
 Metaspace       used 36444K, committed 36800K, reserved 1114112K
  class space    used 4374K, committed 4544K, reserved 1048576K
}
Event: 35.600 GC heap after
{Heap after GC invocations=12 (full 0):
 garbage-first heap   total reserved 1818624K, committed 92160K, used 45568K [0x0000000091000000, 0x0000000100000000)
  region size 1024K, 2 young (2048K), 2 survivors (2048K)
 Metaspace       used 36444K, committed 36800K, reserved 1114112K
  class space    used 4374K, committed 4544K, reserved 1048576K
}
Event: 35.711 GC heap before
{Heap before GC invocations=12 (full 0):
 garbage-first heap   total reserved 1818624K, committed 92160K, used 55808K [0x0000000091000000, 0x0000000100000000)
  region size 1024K, 13 young (13312K), 2 survivors (2048K)
 Metaspace       used 36493K, committed 36928K, reserved 1114112K
  class space    used 4375K, committed 4608K, reserved 1048576K
}
Event: 35.722 GC heap after
{Heap after GC invocations=13 (full 0):
 garbage-first heap   total reserved 1818624K, committed 92160K, used 50688K [0x0000000091000000, 0x0000000100000000)
  region size 1024K, 5 young (5120K), 5 survivors (5120K)
 Metaspace       used 36493K, committed 36928K, reserved 1114112K
  class space    used 4375K, committed 4608K, reserved 1048576K
}
Event: 35.974 GC heap before
{Heap before GC invocations=14 (full 0):
 garbage-first heap   total reserved 1818624K, committed 92160K, used 70144K [0x0000000091000000, 0x0000000100000000)
  region size 1024K, 25 young (25600K), 5 survivors (5120K)
 Metaspace       used 36493K, committed 36928K, reserved 1114112K
  class space    used 4375K, committed 4608K, reserved 1048576K
}
Event: 35.988 GC heap after
{Heap after GC invocations=15 (full 0):
 garbage-first heap   total reserved 1818624K, committed 92160K, used 56320K [0x0000000091000000, 0x0000000100000000)
  region size 1024K, 4 young (4096K), 4 survivors (4096K)
 Metaspace       used 36493K, committed 36928K, reserved 1114112K
  class space    used 4375K, committed 4608K, reserved 1048576K
}
Event: 36.590 GC heap before
{Heap before GC invocations=15 (full 0):
 garbage-first heap   total reserved 1818624K, committed 92160K, used 73728K [0x0000000091000000, 0x0000000100000000)
  region size 1024K, 22 young (22528K), 4 survivors (4096K)
 Metaspace       used 37011K, committed 37440K, reserved 1114112K
  class space    used 4428K, committed 4608K, reserved 1048576K
}
Event: 36.603 GC heap after
{Heap after GC invocations=16 (full 0):
 garbage-first heap   total reserved 1818624K, committed 92160K, used 51712K [0x0000000091000000, 0x0000000100000000)
  region size 1024K, 3 young (3072K), 3 survivors (3072K)
 Metaspace       used 37011K, committed 37440K, reserved 1114112K
  class space    used 4428K, committed 4608K, reserved 1048576K
}
Event: 37.251 GC heap before
{Heap before GC invocations=16 (full 0):
 garbage-first heap   total reserved 1818624K, committed 92160K, used 71168K [0x0000000091000000, 0x0000000100000000)
  region size 1024K, 23 young (23552K), 3 survivors (3072K)
 Metaspace       used 37891K, committed 38336K, reserved 1114112K
  class space    used 4543K, committed 4736K, reserved 1048576K
}
Event: 37.286 GC heap after
{Heap after GC invocations=17 (full 0):
 garbage-first heap   total reserved 1818624K, committed 92160K, used 52863K [0x0000000091000000, 0x0000000100000000)
  region size 1024K, 1 young (1024K), 1 survivors (1024K)
 Metaspace       used 37891K, committed 38336K, reserved 1114112K
  class space    used 4543K, committed 4736K, reserved 1048576K
}

